{"/Users/sungyukwon/Downloads/xonefi-mobile-js/src/Components/Asset.jsx": {"path":"/Users/sungyukwon/Downloads/xonefi-mobile-js/src/Components/Asset.jsx","statementMap":{"0":{"start":{"line":17,"column":15},"end":{"line":17,"column":26}},"1":{"start":{"line":18,"column":2},"end":{"line":47,"column":4}}},"fnMap":{"0":{"name":"Asset","decl":{"start":{"line":10,"column":24},"end":{"line":10,"column":29}},"loc":{"start":{"line":16,"column":3},"end":{"line":48,"column":1}},"line":16}},"branchMap":{"0":{"loc":{"start":{"line":38,"column":13},"end":{"line":42,"column":13}},"type":"cond-expr","locations":[{"start":{},"end":{}},{"start":{},"end":{}}],"line":38}},"s":{"0":12,"1":12},"f":{"0":12},"b":{"0":[10,2]},"_coverageSchema":"1a1c01bbd47fc00a2c39e90264f33305004495a9","hash":"7480664cf25e885e19254755d191791fc11d400c"}
,"/Users/sungyukwon/Downloads/xonefi-mobile-js/src/Components/BigBlueButton.jsx": {"path":"/Users/sungyukwon/Downloads/xonefi-mobile-js/src/Components/BigBlueButton.jsx","statementMap":{"0":{"start":{"line":12,"column":2},"end":{"line":21,"column":4}}},"fnMap":{"0":{"name":"BigBlueButton","decl":{"start":{"line":11,"column":9},"end":{"line":11,"column":22}},"loc":{"start":{"line":11,"column":50},"end":{"line":22,"column":1}},"line":11}},"branchMap":{},"s":{"0":6},"f":{"0":6},"b":{},"_coverageSchema":"1a1c01bbd47fc00a2c39e90264f33305004495a9","hash":"8c8df245642d11a6a6149a1885f2d05dc6145602"}
,"/Users/sungyukwon/Downloads/xonefi-mobile-js/src/Components/BlurModall.tsx": {"path":"/Users/sungyukwon/Downloads/xonefi-mobile-js/src/Components/BlurModall.tsx","statementMap":{"0":{"start":{"line":1,"column":0},"end":{"line":1,"column":55}},"1":{"start":{"line":2,"column":0},"end":{"line":2,"column":56}},"2":{"start":{"line":3,"column":0},"end":{"line":3,"column":null}},"3":{"start":{"line":10,"column":0},"end":{"line":10,"column":31}},"4":{"start":{"line":11,"column":0},"end":{"line":11,"column":36}},"5":{"start":{"line":12,"column":0},"end":{"line":12,"column":55}},"6":{"start":{"line":13,"column":0},"end":{"line":13,"column":47}},"7":{"start":{"line":24,"column":32},"end":{"line":29,"column":null}},"8":{"start":{"line":26,"column":6},"end":{"line":26,"column":30}},"9":{"start":{"line":27,"column":6},"end":{"line":27,"column":30}},"10":{"start":{"line":31,"column":16},"end":{"line":38,"column":4}},"11":{"start":{"line":39,"column":2},"end":{"line":64,"column":4}},"12":{"start":{"line":19,"column":0},"end":{"line":19,"column":16}},"13":{"start":{"line":67,"column":19},"end":{"line":103,"column":2}}},"fnMap":{"0":{"name":"BlurModal","decl":{"start":{"line":19,"column":16},"end":{"line":19,"column":25}},"loc":{"start":{"line":23,"column":17},"end":{"line":65,"column":1}}},"1":{"name":"(anonymous_8)","decl":{"start":{"line":25,"column":4},"end":{"line":25,"column":5}},"loc":{"start":{"line":25,"column":37},"end":{"line":28,"column":5}}}},"branchMap":{},"s":{"0":0,"1":0,"2":0,"3":0,"4":0,"5":0,"6":0,"7":0,"8":0,"9":0,"10":0,"11":0,"12":0,"13":0},"f":{"0":0,"1":0},"b":{}}
,"/Users/sungyukwon/Downloads/xonefi-mobile-js/src/Components/Card.tsx": {"path":"/Users/sungyukwon/Downloads/xonefi-mobile-js/src/Components/Card.tsx","statementMap":{"0":{"start":{"line":1,"column":0},"end":{"line":1,"column":65}},"1":{"start":{"line":2,"column":0},"end":{"line":2,"column":48}},"2":{"start":{"line":8,"column":61},"end":{"line":18,"column":1}},"3":{"start":{"line":13,"column":2},"end":{"line":17,"column":4}},"4":{"start":{"line":20,"column":0},"end":{"line":20,"column":20}},"5":{"start":{"line":22,"column":21},"end":{"line":34,"column":2}}},"fnMap":{"0":{"name":"(anonymous_1)","decl":{"start":{"line":8,"column":61},"end":{"line":8,"column":62}},"loc":{"start":{"line":12,"column":5},"end":{"line":18,"column":1}}}},"branchMap":{},"s":{"0":0,"1":0,"2":0,"3":0,"4":0,"5":0},"f":{"0":0},"b":{}}
,"/Users/sungyukwon/Downloads/xonefi-mobile-js/src/Components/GreyBackgroundBar.jsx": {"path":"/Users/sungyukwon/Downloads/xonefi-mobile-js/src/Components/GreyBackgroundBar.jsx","statementMap":{"0":{"start":{"line":5,"column":2},"end":{"line":10,"column":4}}},"fnMap":{"0":{"name":"GreyBackgroundBar","decl":{"start":{"line":4,"column":24},"end":{"line":4,"column":41}},"loc":{"start":{"line":4,"column":76},"end":{"line":11,"column":1}},"line":4}},"branchMap":{},"s":{"0":4},"f":{"0":4},"b":{},"_coverageSchema":"1a1c01bbd47fc00a2c39e90264f33305004495a9","hash":"9d35b441ce9e7ab2df9f552f56c02f2aaacdb7d2"}
,"/Users/sungyukwon/Downloads/xonefi-mobile-js/src/Components/GreyBackgroundBox.jsx": {"path":"/Users/sungyukwon/Downloads/xonefi-mobile-js/src/Components/GreyBackgroundBox.jsx","statementMap":{"0":{"start":{"line":5,"column":2},"end":{"line":12,"column":4}}},"fnMap":{"0":{"name":"GreyBackgroundBox","decl":{"start":{"line":4,"column":24},"end":{"line":4,"column":41}},"loc":{"start":{"line":4,"column":67},"end":{"line":13,"column":1}},"line":4}},"branchMap":{},"s":{"0":3},"f":{"0":3},"b":{},"_coverageSchema":"1a1c01bbd47fc00a2c39e90264f33305004495a9","hash":"e6b7249d70de9cc4954144c4ef029fdb95db98ee"}
,"/Users/sungyukwon/Downloads/xonefi-mobile-js/src/Components/GreyButton.jsx": {"path":"/Users/sungyukwon/Downloads/xonefi-mobile-js/src/Components/GreyButton.jsx","statementMap":{"0":{"start":{"line":9,"column":19},"end":{"line":21,"column":1}},"1":{"start":{"line":10,"column":2},"end":{"line":20,"column":4}}},"fnMap":{"0":{"name":"(anonymous_0)","decl":{"start":{"line":9,"column":19},"end":{"line":9,"column":20}},"loc":{"start":{"line":9,"column":68},"end":{"line":21,"column":1}},"line":9}},"branchMap":{},"s":{"0":2,"1":6},"f":{"0":6},"b":{},"_coverageSchema":"1a1c01bbd47fc00a2c39e90264f33305004495a9","hash":"ddbdb732bafbd9d578d302c06f92fd637ff451d3"}
,"/Users/sungyukwon/Downloads/xonefi-mobile-js/src/Components/GreyTextInputBar.jsx": {"path":"/Users/sungyukwon/Downloads/xonefi-mobile-js/src/Components/GreyTextInputBar.jsx","statementMap":{"0":{"start":{"line":11,"column":32},"end":{"line":13,"column":8}},"1":{"start":{"line":12,"column":4},"end":{"line":12,"column":25}},"2":{"start":{"line":15,"column":2},"end":{"line":31,"column":4}},"3":{"start":{"line":38,"column":32},"end":{"line":40,"column":8}},"4":{"start":{"line":39,"column":4},"end":{"line":39,"column":25}},"5":{"start":{"line":42,"column":2},"end":{"line":58,"column":4}}},"fnMap":{"0":{"name":"GreyTextInputBar","decl":{"start":{"line":10,"column":16},"end":{"line":10,"column":32}},"loc":{"start":{"line":10,"column":71},"end":{"line":32,"column":1}},"line":10},"1":{"name":"(anonymous_1)","decl":{"start":{"line":11,"column":44},"end":{"line":11,"column":45}},"loc":{"start":{"line":11,"column":54},"end":{"line":13,"column":3}},"line":11},"2":{"name":"GreyTextInputBarNoMargin","decl":{"start":{"line":37,"column":16},"end":{"line":37,"column":40}},"loc":{"start":{"line":37,"column":79},"end":{"line":59,"column":1}},"line":37},"3":{"name":"(anonymous_3)","decl":{"start":{"line":38,"column":44},"end":{"line":38,"column":45}},"loc":{"start":{"line":38,"column":54},"end":{"line":40,"column":3}},"line":38}},"branchMap":{},"s":{"0":7,"1":0,"2":7,"3":0,"4":0,"5":0},"f":{"0":7,"1":0,"2":0,"3":0},"b":{},"_coverageSchema":"1a1c01bbd47fc00a2c39e90264f33305004495a9","hash":"9df450576db473a2d2b4a621e5d800b50501d74c"}
,"/Users/sungyukwon/Downloads/xonefi-mobile-js/src/Components/OneFiAsset.jsx": {"path":"/Users/sungyukwon/Downloads/xonefi-mobile-js/src/Components/OneFiAsset.jsx","statementMap":{"0":{"start":{"line":10,"column":13},"end":{"line":10,"column":68}},"1":{"start":{"line":16,"column":24},"end":{"line":16,"column":40}},"2":{"start":{"line":17,"column":23},"end":{"line":17,"column":86}},"3":{"start":{"line":19,"column":40},"end":{"line":19,"column":51}},"4":{"start":{"line":21,"column":2},"end":{"line":37,"column":9}},"5":{"start":{"line":22,"column":18},"end":{"line":22,"column":20}},"6":{"start":{"line":23,"column":16},"end":{"line":23,"column":109}},"7":{"start":{"line":25,"column":4},"end":{"line":35,"column":11}},"8":{"start":{"line":25,"column":29},"end":{"line":25,"column":39}},"9":{"start":{"line":27,"column":8},"end":{"line":27,"column":33}},"10":{"start":{"line":28,"column":8},"end":{"line":28,"column":28}},"11":{"start":{"line":29,"column":8},"end":{"line":34,"column":9}},"12":{"start":{"line":30,"column":10},"end":{"line":30,"column":34}},"13":{"start":{"line":32,"column":37},"end":{"line":32,"column":53}},"14":{"start":{"line":33,"column":10},"end":{"line":33,"column":45}},"15":{"start":{"line":39,"column":2},"end":{"line":55,"column":4}}},"fnMap":{"0":{"name":"OneFiAsset","decl":{"start":{"line":15,"column":24},"end":{"line":15,"column":34}},"loc":{"start":{"line":15,"column":63},"end":{"line":56,"column":1}},"line":15},"1":{"name":"(anonymous_1)","decl":{"start":{"line":21,"column":12},"end":{"line":21,"column":13}},"loc":{"start":{"line":21,"column":18},"end":{"line":37,"column":3}},"line":21},"2":{"name":"(anonymous_2)","decl":{"start":{"line":25,"column":20},"end":{"line":25,"column":21}},"loc":{"start":{"line":25,"column":29},"end":{"line":25,"column":39}},"line":25},"3":{"name":"(anonymous_3)","decl":{"start":{"line":26,"column":10},"end":{"line":26,"column":11}},"loc":{"start":{"line":26,"column":23},"end":{"line":35,"column":9}},"line":26}},"branchMap":{"0":{"loc":{"start":{"line":10,"column":22},"end":{"line":10,"column":67}},"type":"binary-expr","locations":[{"start":{"line":10,"column":22},"end":{"line":10,"column":40}},{"start":{"line":10,"column":44},"end":{"line":10,"column":67}}],"line":10},"1":{"loc":{"start":{"line":29,"column":8},"end":{"line":34,"column":9}},"type":"if","locations":[{"start":{"line":29,"column":8},"end":{"line":34,"column":9}},{"start":{"line":31,"column":13},"end":{"line":34,"column":9}}],"line":29}},"s":{"0":2,"1":2,"2":2,"3":2,"4":2,"5":2,"6":2,"7":2,"8":2,"9":0,"10":0,"11":0,"12":0,"13":0,"14":0,"15":2},"f":{"0":2,"1":2,"2":2,"3":0},"b":{"0":[2,2],"1":[0,0]},"_coverageSchema":"1a1c01bbd47fc00a2c39e90264f33305004495a9","hash":"6ba8a874addda0b465e038d6211ba0d8166c6371"}
,"/Users/sungyukwon/Downloads/xonefi-mobile-js/src/Components/PageHeader.tsx": {"path":"/Users/sungyukwon/Downloads/xonefi-mobile-js/src/Components/PageHeader.tsx","statementMap":{"0":{"start":{"line":1,"column":0},"end":{"line":1,"column":null}},"1":{"start":{"line":10,"column":0},"end":{"line":10,"column":72}},"2":{"start":{"line":12,"column":0},"end":{"line":12,"column":68}},"3":{"start":{"line":13,"column":0},"end":{"line":13,"column":45}},"4":{"start":{"line":15,"column":0},"end":{"line":15,"column":44}},"5":{"start":{"line":16,"column":0},"end":{"line":16,"column":50}},"6":{"start":{"line":22,"column":0},"end":{"line":22,"column":51}},"7":{"start":{"line":23,"column":0},"end":{"line":23,"column":55}},"8":{"start":{"line":33,"column":55},"end":{"line":47,"column":1}},"9":{"start":{"line":34,"column":2},"end":{"line":46,"column":4}},"10":{"start":{"line":48,"column":73},"end":{"line":78,"column":1}},"11":{"start":{"line":53,"column":34},"end":{"line":55,"column":null}},"12":{"start":{"line":54,"column":10},"end":{"line":54,"column":40}},"13":{"start":{"line":58,"column":2},"end":{"line":77,"column":4}},"14":{"start":{"line":48,"column":13},"end":{"line":48,"column":73}},"15":{"start":{"line":80,"column":65},"end":{"line":158,"column":1}},"16":{"start":{"line":86,"column":23},"end":{"line":86,"column":28}},"17":{"start":{"line":88,"column":26},"end":{"line":88,"column":51}},"18":{"start":{"line":89,"column":24},"end":{"line":89,"column":49}},"19":{"start":{"line":102,"column":38},"end":{"line":102,"column":53}},"20":{"start":{"line":103,"column":26},"end":{"line":103,"column":44}},"21":{"start":{"line":105,"column":2},"end":{"line":126,"column":9}},"22":{"start":{"line":107,"column":19},"end":{"line":120,"column":12}},"23":{"start":{"line":108,"column":6},"end":{"line":119,"column":8}},"24":{"start":{"line":110,"column":10},"end":{"line":114,"column":null}},"25":{"start":{"line":111,"column":12},"end":{"line":111,"column":27}},"26":{"start":{"line":112,"column":28},"end":{"line":112,"column":48}},"27":{"start":{"line":113,"column":12},"end":{"line":113,"column":null}},"28":{"start":{"line":117,"column":10},"end":{"line":117,"column":50}},"29":{"start":{"line":122,"column":4},"end":{"line":124,"column":6}},"30":{"start":{"line":123,"column":6},"end":{"line":123,"column":30}},"31":{"start":{"line":128,"column":2},"end":{"line":157,"column":4}},"32":{"start":{"line":135,"column":12},"end":{"line":135,"column":53}},"33":{"start":{"line":80,"column":13},"end":{"line":80,"column":65}},"34":{"start":{"line":159,"column":0},"end":{"line":159,"column":26}},"35":{"start":{"line":160,"column":24},"end":{"line":183,"column":2}}},"fnMap":{"0":{"name":"(anonymous_7)","decl":{"start":{"line":33,"column":55},"end":{"line":33,"column":56}},"loc":{"start":{"line":33,"column":65},"end":{"line":47,"column":1}}},"1":{"name":"(anonymous_8)","decl":{"start":{"line":48,"column":73},"end":{"line":48,"column":74}},"loc":{"start":{"line":52,"column":5},"end":{"line":78,"column":1}}},"2":{"name":"(anonymous_9)","decl":{"start":{"line":54,"column":4},"end":{"line":54,"column":7}},"loc":{"start":{"line":54,"column":10},"end":{"line":54,"column":40}}},"3":{"name":"(anonymous_10)","decl":{"start":{"line":80,"column":65},"end":{"line":80,"column":66}},"loc":{"start":{"line":84,"column":5},"end":{"line":158,"column":1}}},"4":{"name":"(anonymous_11)","decl":{"start":{"line":88,"column":38},"end":{"line":88,"column":41}},"loc":{"start":{"line":88,"column":43},"end":{"line":88,"column":46}}},"5":{"name":"(anonymous_12)","decl":{"start":{"line":89,"column":36},"end":{"line":89,"column":39}},"loc":{"start":{"line":89,"column":41},"end":{"line":89,"column":44}}},"6":{"name":"(anonymous_13)","decl":{"start":{"line":105,"column":12},"end":{"line":105,"column":15}},"loc":{"start":{"line":105,"column":17},"end":{"line":126,"column":3}}},"7":{"name":"(anonymous_14)","decl":{"start":{"line":107,"column":31},"end":{"line":107,"column":34}},"loc":{"start":{"line":107,"column":36},"end":{"line":120,"column":5}}},"8":{"name":"(anonymous_15)","decl":{"start":{"line":109,"column":8},"end":{"line":109,"column":9}},"loc":{"start":{"line":109,"column":18},"end":{"line":115,"column":9}}},"9":{"name":"(anonymous_16)","decl":{"start":{"line":116,"column":8},"end":{"line":116,"column":11}},"loc":{"start":{"line":116,"column":13},"end":{"line":118,"column":9}}},"10":{"name":"(anonymous_17)","decl":{"start":{"line":122,"column":11},"end":{"line":122,"column":14}},"loc":{"start":{"line":122,"column":16},"end":{"line":124,"column":5}}},"11":{"name":"(anonymous_18)","decl":{"start":{"line":134,"column":19},"end":{"line":134,"column":22}},"loc":{"start":{"line":134,"column":24},"end":{"line":136,"column":11}}}},"branchMap":{"0":{"loc":{"start":{"line":38,"column":49},"end":{"line":38,"column":72}},"type":"binary-expr","locations":[{"start":{"line":38,"column":49},"end":{"line":38,"column":64}},{"start":{"line":38,"column":68},"end":{"line":38,"column":72}}]},"1":{"loc":{"start":{"line":42,"column":11},"end":{"line":42,"column":35}},"type":"binary-expr","locations":[{"start":{"line":42,"column":11},"end":{"line":42,"column":27}},{"start":{"line":42,"column":31},"end":{"line":42,"column":35}}]},"2":{"loc":{"start":{"line":110,"column":10},"end":{"line":114,"column":null}},"type":"if","locations":[{"start":{"line":110,"column":10},"end":{"line":114,"column":null}}]},"3":{"loc":{"start":{"line":151,"column":13},"end":{"line":152,"column":61}},"type":"cond-expr","locations":[{"start":{"line":151,"column":27},"end":{"line":151,"column":67}},{"start":{"line":152,"column":12},"end":{"line":152,"column":61}}]}},"s":{"0":0,"1":0,"2":0,"3":0,"4":0,"5":0,"6":0,"7":0,"8":0,"9":0,"10":0,"11":0,"12":0,"13":0,"14":0,"15":0,"16":0,"17":0,"18":0,"19":0,"20":0,"21":0,"22":0,"23":0,"24":0,"25":0,"26":0,"27":0,"28":0,"29":0,"30":0,"31":0,"32":0,"33":0,"34":0,"35":0},"f":{"0":0,"1":0,"2":0,"3":0,"4":0,"5":0,"6":0,"7":0,"8":0,"9":0,"10":0,"11":0},"b":{"0":[0,0],"1":[0,0],"2":[0],"3":[0,0]}}
,"/Users/sungyukwon/Downloads/xonefi-mobile-js/src/Components/PrimaryBtn.tsx": {"path":"/Users/sungyukwon/Downloads/xonefi-mobile-js/src/Components/PrimaryBtn.tsx","statementMap":{"0":{"start":{"line":1,"column":0},"end":{"line":1,"column":null}},"1":{"start":{"line":9,"column":0},"end":{"line":9,"column":31}},"2":{"start":{"line":10,"column":0},"end":{"line":10,"column":62}},"3":{"start":{"line":15,"column":26},"end":{"line":52,"column":1}},"4":{"start":{"line":21,"column":32},"end":{"line":21,"column":47}},"5":{"start":{"line":22,"column":23},"end":{"line":31,"column":null}},"6":{"start":{"line":24,"column":6},"end":{"line":24,"column":23}},"7":{"start":{"line":25,"column":6},"end":{"line":29,"column":null}},"8":{"start":{"line":26,"column":8},"end":{"line":26,"column":26}},"9":{"start":{"line":28,"column":8},"end":{"line":28,"column":26}},"10":{"start":{"line":33,"column":2},"end":{"line":51,"column":4}},"11":{"start":{"line":15,"column":13},"end":{"line":15,"column":26}},"12":{"start":{"line":54,"column":21},"end":{"line":87,"column":2}}},"fnMap":{"0":{"name":"(anonymous_6)","decl":{"start":{"line":15,"column":26},"end":{"line":15,"column":27}},"loc":{"start":{"line":20,"column":46},"end":{"line":52,"column":1}}},"1":{"name":"(anonymous_7)","decl":{"start":{"line":23,"column":4},"end":{"line":23,"column":9}},"loc":{"start":{"line":23,"column":22},"end":{"line":30,"column":5}}}},"branchMap":{"0":{"loc":{"start":{"line":40,"column":7},"end":{"line":43,"column":null}},"type":"binary-expr","locations":[{"start":{"line":40,"column":7},"end":{"line":40,"column":14}},{"start":{"line":41,"column":8},"end":{"line":42,"column":null}}]},"1":{"loc":{"start":{"line":45,"column":7},"end":{"line":48,"column":null}},"type":"cond-expr","locations":[{"start":{"line":46,"column":8},"end":{"line":46,"column":57}},{"start":{"line":48,"column":8},"end":{"line":48,"column":16}}]}},"s":{"0":7,"1":7,"2":7,"3":7,"4":9,"5":9,"6":0,"7":0,"8":0,"9":0,"10":9,"11":7,"12":7},"f":{"0":9,"1":0},"b":{"0":[9,0],"1":[3,6]}}
,"/Users/sungyukwon/Downloads/xonefi-mobile-js/src/Components/Provider.jsx": {"path":"/Users/sungyukwon/Downloads/xonefi-mobile-js/src/Components/Provider.jsx","statementMap":{"0":{"start":{"line":29,"column":2},"end":{"line":50,"column":4}}},"fnMap":{"0":{"name":"Provider","decl":{"start":{"line":22,"column":24},"end":{"line":22,"column":32}},"loc":{"start":{"line":28,"column":3},"end":{"line":51,"column":1}},"line":28}},"branchMap":{"0":{"loc":{"start":{"line":36,"column":11},"end":{"line":46,"column":11}},"type":"cond-expr","locations":[{"start":{"line":37,"column":12},"end":{"line":40,"column":15}},{"start":{"line":42,"column":12},"end":{"line":45,"column":15}}],"line":36}},"s":{"0":2},"f":{"0":2},"b":{"0":[2,0]},"_coverageSchema":"1a1c01bbd47fc00a2c39e90264f33305004495a9","hash":"dd88c65b3b7278f48891c04ddd2380084ac9b672"}
,"/Users/sungyukwon/Downloads/xonefi-mobile-js/src/Components/TextInputEntry.tsx": {"path":"/Users/sungyukwon/Downloads/xonefi-mobile-js/src/Components/TextInputEntry.tsx","statementMap":{"0":{"start":{"line":1,"column":0},"end":{"line":1,"column":26}},"1":{"start":{"line":2,"column":0},"end":{"line":2,"column":53}},"2":{"start":{"line":5,"column":2},"end":{"line":16,"column":4}},"3":{"start":{"line":4,"column":0},"end":{"line":4,"column":24}}},"fnMap":{"0":{"name":"TextInputEntry","decl":{"start":{"line":4,"column":24},"end":{"line":4,"column":38}},"loc":{"start":{"line":4,"column":53},"end":{"line":17,"column":1}}}},"branchMap":{},"s":{"0":2,"1":2,"2":8,"3":2},"f":{"0":8},"b":{}}
,"/Users/sungyukwon/Downloads/xonefi-mobile-js/src/Components/ViewButton.jsx": {"path":"/Users/sungyukwon/Downloads/xonefi-mobile-js/src/Components/ViewButton.jsx","statementMap":{"0":{"start":{"line":8,"column":2},"end":{"line":15,"column":4}}},"fnMap":{"0":{"name":"ViewButton","decl":{"start":{"line":7,"column":24},"end":{"line":7,"column":34}},"loc":{"start":{"line":7,"column":56},"end":{"line":16,"column":1}},"line":7}},"branchMap":{},"s":{"0":3},"f":{"0":3},"b":{},"_coverageSchema":"1a1c01bbd47fc00a2c39e90264f33305004495a9","hash":"4a30e733f0fae0045090e30469f3b117fda103dc"}
,"/Users/sungyukwon/Downloads/xonefi-mobile-js/src/Components/WithMainBg.tsx": {"path":"/Users/sungyukwon/Downloads/xonefi-mobile-js/src/Components/WithMainBg.tsx","statementMap":{"0":{"start":{"line":1,"column":0},"end":{"line":1,"column":26}},"1":{"start":{"line":2,"column":0},"end":{"line":2,"column":69}},"2":{"start":{"line":3,"column":0},"end":{"line":3,"column":64}},"3":{"start":{"line":5,"column":26},"end":{"line":19,"column":1}},"4":{"start":{"line":9,"column":2},"end":{"line":18,"column":4}},"5":{"start":{"line":5,"column":13},"end":{"line":5,"column":26}}},"fnMap":{"0":{"name":"(anonymous_1)","decl":{"start":{"line":5,"column":26},"end":{"line":5,"column":27}},"loc":{"start":{"line":8,"column":27},"end":{"line":19,"column":1}}}},"branchMap":{},"s":{"0":0,"1":0,"2":0,"3":0,"4":0,"5":0},"f":{"0":0},"b":{}}
,"/Users/sungyukwon/Downloads/xonefi-mobile-js/src/screens/ConnectScreen.tsx": {"path":"/Users/sungyukwon/Downloads/xonefi-mobile-js/src/screens/ConnectScreen.tsx","statementMap":{"0":{"start":{"line":1,"column":0},"end":{"line":1,"column":31}},"1":{"start":{"line":2,"column":0},"end":{"line":2,"column":57}},"2":{"start":{"line":3,"column":0},"end":{"line":3,"column":null}},"3":{"start":{"line":13,"column":0},"end":{"line":13,"column":50}},"4":{"start":{"line":14,"column":0},"end":{"line":14,"column":57}},"5":{"start":{"line":22,"column":0},"end":{"line":22,"column":54}},"6":{"start":{"line":23,"column":0},"end":{"line":23,"column":51}},"7":{"start":{"line":24,"column":0},"end":{"line":24,"column":41}},"8":{"start":{"line":25,"column":0},"end":{"line":25,"column":55}},"9":{"start":{"line":27,"column":0},"end":{"line":27,"column":62}},"10":{"start":{"line":29,"column":49},"end":{"line":84,"column":1}},"11":{"start":{"line":30,"column":21},"end":{"line":30,"column":65}},"12":{"start":{"line":31,"column":34},"end":{"line":31,"column":69}},"13":{"start":{"line":32,"column":36},"end":{"line":32,"column":51}},"14":{"start":{"line":36,"column":2},"end":{"line":38,"column":9}},"15":{"start":{"line":37,"column":4},"end":{"line":37,"column":50}},"16":{"start":{"line":40,"column":29},"end":{"line":59,"column":null}},"17":{"start":{"line":42,"column":6},"end":{"line":56,"column":null}},"18":{"start":{"line":44,"column":10},"end":{"line":48,"column":12}},"19":{"start":{"line":62,"column":2},"end":{"line":83,"column":4}},"20":{"start":{"line":67,"column":10},"end":{"line":67,"column":56}},"21":{"start":{"line":74,"column":14},"end":{"line":74,"column":60}},"22":{"start":{"line":85,"column":0},"end":{"line":85,"column":29}},"23":{"start":{"line":88,"column":17},"end":{"line":111,"column":1}},"24":{"start":{"line":93,"column":2},"end":{"line":110,"column":4}},"25":{"start":{"line":113,"column":14},"end":{"line":133,"column":2}}},"fnMap":{"0":{"name":"(anonymous_7)","decl":{"start":{"line":29,"column":49},"end":{"line":29,"column":52}},"loc":{"start":{"line":29,"column":54},"end":{"line":84,"column":1}}},"1":{"name":"(anonymous_8)","decl":{"start":{"line":36,"column":12},"end":{"line":36,"column":15}},"loc":{"start":{"line":36,"column":17},"end":{"line":38,"column":3}}},"2":{"name":"(anonymous_9)","decl":{"start":{"line":41,"column":4},"end":{"line":41,"column":5}},"loc":{"start":{"line":42,"column":6},"end":{"line":56,"column":null}}},"3":{"name":"(anonymous_10)","decl":{"start":{"line":43,"column":17},"end":{"line":43,"column":20}},"loc":{"start":{"line":44,"column":10},"end":{"line":48,"column":12}}},"4":{"name":"(anonymous_11)","decl":{"start":{"line":66,"column":19},"end":{"line":66,"column":22}},"loc":{"start":{"line":66,"column":24},"end":{"line":68,"column":9}}},"5":{"name":"(anonymous_12)","decl":{"start":{"line":73,"column":21},"end":{"line":73,"column":24}},"loc":{"start":{"line":73,"column":26},"end":{"line":75,"column":13}}},"6":{"name":"(anonymous_13)","decl":{"start":{"line":88,"column":17},"end":{"line":88,"column":18}},"loc":{"start":{"line":92,"column":35},"end":{"line":111,"column":1}}}},"branchMap":{},"s":{"0":0,"1":0,"2":0,"3":0,"4":0,"5":0,"6":0,"7":0,"8":0,"9":0,"10":0,"11":0,"12":0,"13":0,"14":0,"15":0,"16":0,"17":0,"18":0,"19":0,"20":0,"21":0,"22":0,"23":0,"24":0,"25":0},"f":{"0":0,"1":0,"2":0,"3":0,"4":0,"5":0,"6":0},"b":{}}
,"/Users/sungyukwon/Downloads/xonefi-mobile-js/src/screens/ConnectStatusScreen.tsx": {"path":"/Users/sungyukwon/Downloads/xonefi-mobile-js/src/screens/ConnectStatusScreen.tsx","statementMap":{"0":{"start":{"line":1,"column":0},"end":{"line":1,"column":84}},"1":{"start":{"line":2,"column":0},"end":{"line":2,"column":80}},"2":{"start":{"line":4,"column":0},"end":{"line":4,"column":38}},"3":{"start":{"line":6,"column":0},"end":{"line":6,"column":45}},"4":{"start":{"line":7,"column":0},"end":{"line":7,"column":49}},"5":{"start":{"line":8,"column":0},"end":{"line":8,"column":55}},"6":{"start":{"line":9,"column":0},"end":{"line":9,"column":62}},"7":{"start":{"line":10,"column":0},"end":{"line":10,"column":57}},"8":{"start":{"line":12,"column":0},"end":{"line":12,"column":69}},"9":{"start":{"line":16,"column":0},"end":{"line":16,"column":59}},"10":{"start":{"line":21,"column":0},"end":{"line":21,"column":51}},"11":{"start":{"line":22,"column":0},"end":{"line":22,"column":55}},"12":{"start":{"line":24,"column":54},"end":{"line":222,"column":1}},"13":{"start":{"line":25,"column":26},"end":{"line":25,"column":53}},"14":{"start":{"line":26,"column":38},"end":{"line":26,"column":57}},"15":{"start":{"line":27,"column":21},"end":{"line":27,"column":37}},"16":{"start":{"line":35,"column":40},"end":{"line":35,"column":64}},"17":{"start":{"line":36,"column":51},"end":{"line":36,"column":62}},"18":{"start":{"line":37,"column":58},"end":{"line":37,"column":69}},"19":{"start":{"line":38,"column":36},"end":{"line":38,"column":48}},"20":{"start":{"line":41,"column":24},"end":{"line":44,"column":3}},"21":{"start":{"line":42,"column":22},"end":{"line":42,"column":48}},"22":{"start":{"line":43,"column":4},"end":{"line":43,"column":29}},"23":{"start":{"line":47,"column":2},"end":{"line":68,"column":9}},"24":{"start":{"line":49,"column":19},"end":{"line":62,"column":12}},"25":{"start":{"line":50,"column":6},"end":{"line":61,"column":8}},"26":{"start":{"line":52,"column":10},"end":{"line":56,"column":null}},"27":{"start":{"line":53,"column":12},"end":{"line":53,"column":27}},"28":{"start":{"line":54,"column":28},"end":{"line":54,"column":48}},"29":{"start":{"line":55,"column":12},"end":{"line":55,"column":null}},"30":{"start":{"line":59,"column":10},"end":{"line":59,"column":50}},"31":{"start":{"line":64,"column":4},"end":{"line":66,"column":6}},"32":{"start":{"line":65,"column":6},"end":{"line":65,"column":30}},"33":{"start":{"line":71,"column":2},"end":{"line":75,"column":20}},"34":{"start":{"line":72,"column":4},"end":{"line":74,"column":null}},"35":{"start":{"line":73,"column":6},"end":{"line":73,"column":null}},"36":{"start":{"line":78,"column":2},"end":{"line":97,"column":null}},"37":{"start":{"line":79,"column":19},"end":{"line":91,"column":11}},"38":{"start":{"line":80,"column":6},"end":{"line":90,"column":null}},"39":{"start":{"line":81,"column":8},"end":{"line":89,"column":11}},"40":{"start":{"line":82,"column":31},"end":{"line":82,"column":77}},"41":{"start":{"line":83,"column":10},"end":{"line":83,"column":null}},"42":{"start":{"line":85,"column":10},"end":{"line":88,"column":null}},"43":{"start":{"line":86,"column":36},"end":{"line":86,"column":80}},"44":{"start":{"line":87,"column":12},"end":{"line":87,"column":null}},"45":{"start":{"line":93,"column":2},"end":{"line":95,"column":4}},"46":{"start":{"line":94,"column":4},"end":{"line":94,"column":28}},"47":{"start":{"line":100,"column":26},"end":{"line":100,"column":56}},"48":{"start":{"line":102,"column":2},"end":{"line":221,"column":4}},"49":{"start":{"line":224,"column":0},"end":{"line":224,"column":35}},"50":{"start":{"line":227,"column":14},"end":{"line":363,"column":2}}},"fnMap":{"0":{"name":"(anonymous_7)","decl":{"start":{"line":24,"column":54},"end":{"line":24,"column":55}},"loc":{"start":{"line":24,"column":64},"end":{"line":222,"column":1}}},"1":{"name":"(anonymous_8)","decl":{"start":{"line":41,"column":24},"end":{"line":41,"column":29}},"loc":{"start":{"line":41,"column":35},"end":{"line":44,"column":3}}},"2":{"name":"(anonymous_9)","decl":{"start":{"line":47,"column":12},"end":{"line":47,"column":15}},"loc":{"start":{"line":47,"column":17},"end":{"line":68,"column":3}}},"3":{"name":"(anonymous_10)","decl":{"start":{"line":49,"column":31},"end":{"line":49,"column":34}},"loc":{"start":{"line":49,"column":36},"end":{"line":62,"column":5}}},"4":{"name":"(anonymous_11)","decl":{"start":{"line":51,"column":8},"end":{"line":51,"column":9}},"loc":{"start":{"line":51,"column":18},"end":{"line":57,"column":9}}},"5":{"name":"(anonymous_12)","decl":{"start":{"line":58,"column":8},"end":{"line":58,"column":11}},"loc":{"start":{"line":58,"column":13},"end":{"line":60,"column":9}}},"6":{"name":"(anonymous_13)","decl":{"start":{"line":64,"column":11},"end":{"line":64,"column":14}},"loc":{"start":{"line":64,"column":16},"end":{"line":66,"column":5}}},"7":{"name":"(anonymous_14)","decl":{"start":{"line":71,"column":12},"end":{"line":71,"column":14}},"loc":{"start":{"line":71,"column":16},"end":{"line":75,"column":3}}},"8":{"name":"(anonymous_15)","decl":{"start":{"line":78,"column":12},"end":{"line":78,"column":14}},"loc":{"start":{"line":78,"column":16},"end":{"line":97,"column":3}}},"9":{"name":"(anonymous_16)","decl":{"start":{"line":79,"column":31},"end":{"line":79,"column":34}},"loc":{"start":{"line":79,"column":36},"end":{"line":91,"column":3}}},"10":{"name":"(anonymous_17)","decl":{"start":{"line":81,"column":28},"end":{"line":81,"column":29}},"loc":{"start":{"line":81,"column":44},"end":{"line":89,"column":9}}},"11":{"name":"(anonymous_18)","decl":{"start":{"line":93,"column":9},"end":{"line":93,"column":12}},"loc":{"start":{"line":93,"column":14},"end":{"line":95,"column":3}}}},"branchMap":{"0":{"loc":{"start":{"line":52,"column":10},"end":{"line":56,"column":null}},"type":"if","locations":[{"start":{"line":52,"column":10},"end":{"line":56,"column":null}}]},"1":{"loc":{"start":{"line":72,"column":4},"end":{"line":74,"column":null}},"type":"if","locations":[{"start":{"line":72,"column":4},"end":{"line":74,"column":null}}]},"2":{"loc":{"start":{"line":80,"column":6},"end":{"line":90,"column":null}},"type":"if","locations":[{"start":{"line":80,"column":6},"end":{"line":90,"column":null}}]},"3":{"loc":{"start":{"line":85,"column":10},"end":{"line":88,"column":null}},"type":"if","locations":[{"start":{"line":85,"column":10},"end":{"line":88,"column":null}}]},"4":{"loc":{"start":{"line":150,"column":13},"end":{"line":150,"column":36}},"type":"cond-expr","locations":[{"start":{"line":150,"column":27},"end":{"line":150,"column":31}},{"start":{"line":150,"column":34},"end":{"line":150,"column":36}}]},"5":{"loc":{"start":{"line":159,"column":14},"end":{"line":161,"column":39}},"type":"cond-expr","locations":[{"start":{"line":160,"column":18},"end":{"line":160,"column":48}},{"start":{"line":161,"column":18},"end":{"line":161,"column":39}}]},"6":{"loc":{"start":{"line":164,"column":13},"end":{"line":164,"column":56}},"type":"cond-expr","locations":[{"start":{"line":164,"column":27},"end":{"line":164,"column":38}},{"start":{"line":164,"column":41},"end":{"line":164,"column":56}}]},"7":{"loc":{"start":{"line":188,"column":9},"end":{"line":200,"column":null}},"type":"cond-expr","locations":[{"start":{"line":189,"column":10},"end":{"line":197,"column":null}},{"start":{"line":200,"column":10},"end":{"line":200,"column":15}}]},"8":{"loc":{"start":{"line":205,"column":9},"end":{"line":217,"column":null}},"type":"cond-expr","locations":[{"start":{"line":206,"column":10},"end":{"line":214,"column":null}},{"start":{"line":217,"column":10},"end":{"line":217,"column":15}}]}},"s":{"0":0,"1":0,"2":0,"3":0,"4":0,"5":0,"6":0,"7":0,"8":0,"9":0,"10":0,"11":0,"12":0,"13":0,"14":0,"15":0,"16":0,"17":0,"18":0,"19":0,"20":0,"21":0,"22":0,"23":0,"24":0,"25":0,"26":0,"27":0,"28":0,"29":0,"30":0,"31":0,"32":0,"33":0,"34":0,"35":0,"36":0,"37":0,"38":0,"39":0,"40":0,"41":0,"42":0,"43":0,"44":0,"45":0,"46":0,"47":0,"48":0,"49":0,"50":0},"f":{"0":0,"1":0,"2":0,"3":0,"4":0,"5":0,"6":0,"7":0,"8":0,"9":0,"10":0,"11":0},"b":{"0":[0],"1":[0],"2":[0],"3":[0],"4":[0,0],"5":[0,0],"6":[0,0],"7":[0,0],"8":[0,0]}}
}
