{"/Users/sungyukwon/Downloads/xonefi-mobile-js-expo-yarn/navigation/Components/Asset.jsx": {"path":"/Users/sungyukwon/Downloads/xonefi-mobile-js-expo-yarn/navigation/Components/Asset.jsx","statementMap":{"0":{"start":{"line":16,"column":15},"end":{"line":16,"column":26}},"1":{"start":{"line":17,"column":2},"end":{"line":46,"column":4}}},"fnMap":{"0":{"name":"Asset","decl":{"start":{"line":9,"column":24},"end":{"line":9,"column":29}},"loc":{"start":{"line":15,"column":3},"end":{"line":47,"column":1}},"line":15}},"branchMap":{"0":{"loc":{"start":{"line":37,"column":13},"end":{"line":41,"column":13}},"type":"cond-expr","locations":[{"start":{},"end":{}},{"start":{},"end":{}}],"line":37}},"s":{"0":1,"1":1},"f":{"0":1},"b":{"0":[1,0]},"_coverageSchema":"1a1c01bbd47fc00a2c39e90264f33305004495a9","hash":"a62bfff77b57dfd1ac73a027c1d1e23677791f7b"}
,"/Users/sungyukwon/Downloads/xonefi-mobile-js-expo-yarn/navigation/Components/BackgroundImageSVG.jsx": {"path":"/Users/sungyukwon/Downloads/xonefi-mobile-js-expo-yarn/navigation/Components/BackgroundImageSVG.jsx","statementMap":{},"fnMap":{},"branchMap":{},"s":{},"f":{},"b":{}}
,"/Users/sungyukwon/Downloads/xonefi-mobile-js-expo-yarn/navigation/Components/BigBlueButton.jsx": {"path":"/Users/sungyukwon/Downloads/xonefi-mobile-js-expo-yarn/navigation/Components/BigBlueButton.jsx","statementMap":{"0":{"start":{"line":6,"column":2},"end":{"line":12,"column":4}}},"fnMap":{"0":{"name":"BigBlueButton","decl":{"start":{"line":5,"column":9},"end":{"line":5,"column":22}},"loc":{"start":{"line":5,"column":50},"end":{"line":13,"column":1}},"line":5}},"branchMap":{},"s":{"0":1},"f":{"0":1},"b":{},"_coverageSchema":"1a1c01bbd47fc00a2c39e90264f33305004495a9","hash":"bf351122177fc6bc5b0dcf004ada1c093cfd3071"}
,"/Users/sungyukwon/Downloads/xonefi-mobile-js-expo-yarn/navigation/Components/ButtonBackgroundSVG.jsx": {"path":"/Users/sungyukwon/Downloads/xonefi-mobile-js-expo-yarn/navigation/Components/ButtonBackgroundSVG.jsx","statementMap":{"0":{"start":{"line":7,"column":2},"end":{"line":35,"column":4}},"1":{"start":{"line":39,"column":2},"end":{"line":56,"column":4}}},"fnMap":{"0":{"name":"ButtonBackground","decl":{"start":{"line":6,"column":9},"end":{"line":6,"column":25}},"loc":{"start":{"line":6,"column":33},"end":{"line":36,"column":1}},"line":6},"1":{"name":"ButtonBackgroundSVG","decl":{"start":{"line":38,"column":9},"end":{"line":38,"column":28}},"loc":{"start":{"line":38,"column":45},"end":{"line":57,"column":1}},"line":38}},"branchMap":{},"s":{"0":0,"1":0},"f":{"0":0,"1":0},"b":{}}
,"/Users/sungyukwon/Downloads/xonefi-mobile-js-expo-yarn/navigation/Components/GreyButton.jsx": {"path":"/Users/sungyukwon/Downloads/xonefi-mobile-js-expo-yarn/navigation/Components/GreyButton.jsx","statementMap":{"0":{"start":{"line":9,"column":19},"end":{"line":20,"column":1}},"1":{"start":{"line":10,"column":2},"end":{"line":19,"column":4}}},"fnMap":{"0":{"name":"(anonymous_0)","decl":{"start":{"line":9,"column":19},"end":{"line":9,"column":20}},"loc":{"start":{"line":9,"column":68},"end":{"line":20,"column":1}},"line":9}},"branchMap":{},"s":{"0":1,"1":1},"f":{"0":1},"b":{},"_coverageSchema":"1a1c01bbd47fc00a2c39e90264f33305004495a9","hash":"7d9eb07fa4cc0383c35534f7f4a1ec63101a1831"}
,"/Users/sungyukwon/Downloads/xonefi-mobile-js-expo-yarn/navigation/Components/GreyTextInputBar.jsx": {"path":"/Users/sungyukwon/Downloads/xonefi-mobile-js-expo-yarn/navigation/Components/GreyTextInputBar.jsx","statementMap":{"0":{"start":{"line":6,"column":32},"end":{"line":8,"column":8}},"1":{"start":{"line":7,"column":4},"end":{"line":7,"column":25}},"2":{"start":{"line":10,"column":2},"end":{"line":20,"column":4}}},"fnMap":{"0":{"name":"GreyTextInputBar","decl":{"start":{"line":5,"column":9},"end":{"line":5,"column":25}},"loc":{"start":{"line":5,"column":64},"end":{"line":21,"column":1}},"line":5},"1":{"name":"(anonymous_1)","decl":{"start":{"line":6,"column":44},"end":{"line":6,"column":45}},"loc":{"start":{"line":6,"column":54},"end":{"line":8,"column":3}},"line":6}},"branchMap":{},"s":{"0":1,"1":0,"2":1},"f":{"0":1,"1":0},"b":{},"_coverageSchema":"1a1c01bbd47fc00a2c39e90264f33305004495a9","hash":"547f23a37161d095371e665d0c7d2cb353860809"}
,"/Users/sungyukwon/Downloads/xonefi-mobile-js-expo-yarn/navigation/Components/OneFiAsset.jsx": {"path":"/Users/sungyukwon/Downloads/xonefi-mobile-js-expo-yarn/navigation/Components/OneFiAsset.jsx","statementMap":{"0":{"start":{"line":8,"column":2},"end":{"line":24,"column":4}}},"fnMap":{"0":{"name":"OneFiAsset","decl":{"start":{"line":7,"column":24},"end":{"line":7,"column":34}},"loc":{"start":{"line":7,"column":77},"end":{"line":25,"column":1}},"line":7}},"branchMap":{},"s":{"0":1},"f":{"0":1},"b":{},"_coverageSchema":"1a1c01bbd47fc00a2c39e90264f33305004495a9","hash":"afe7466549480764510c5db1bf911c0e36bb5f6c"}
,"/Users/sungyukwon/Downloads/xonefi-mobile-js-expo-yarn/navigation/Components/Provider.jsx": {"path":"/Users/sungyukwon/Downloads/xonefi-mobile-js-expo-yarn/navigation/Components/Provider.jsx","statementMap":{"0":{"start":{"line":17,"column":2},"end":{"line":37,"column":4}}},"fnMap":{"0":{"name":"Provider","decl":{"start":{"line":11,"column":24},"end":{"line":11,"column":32}},"loc":{"start":{"line":16,"column":3},"end":{"line":38,"column":1}},"line":16}},"branchMap":{},"s":{"0":0},"f":{"0":0},"b":{}}
,"/Users/sungyukwon/Downloads/xonefi-mobile-js-expo-yarn/navigation/screens/AccountInformationScreen.js": {"path":"/Users/sungyukwon/Downloads/xonefi-mobile-js-expo-yarn/navigation/screens/AccountInformationScreen.js","statementMap":{"0":{"start":{"line":14,"column":2},"end":{"line":18,"column":4}},"1":{"start":{"line":22,"column":2},"end":{"line":27,"column":4}},"2":{"start":{"line":31,"column":2},"end":{"line":75,"column":4}}},"fnMap":{"0":{"name":"ViewButton","decl":{"start":{"line":13,"column":9},"end":{"line":13,"column":19}},"loc":{"start":{"line":13,"column":41},"end":{"line":19,"column":1}},"line":13},"1":{"name":"GreyBackgroundBar","decl":{"start":{"line":21,"column":9},"end":{"line":21,"column":26}},"loc":{"start":{"line":21,"column":61},"end":{"line":28,"column":1}},"line":21},"2":{"name":"AccountInformationScreen","decl":{"start":{"line":30,"column":24},"end":{"line":30,"column":48}},"loc":{"start":{"line":30,"column":65},"end":{"line":76,"column":1}},"line":30}},"branchMap":{},"s":{"0":0,"1":0,"2":0},"f":{"0":0,"1":0,"2":0},"b":{}}
,"/Users/sungyukwon/Downloads/xonefi-mobile-js-expo-yarn/navigation/screens/AddNewPaymentCard.js": {"path":"/Users/sungyukwon/Downloads/xonefi-mobile-js-expo-yarn/navigation/screens/AddNewPaymentCard.js","statementMap":{"0":{"start":{"line":7,"column":2},"end":{"line":15,"column":4}}},"fnMap":{"0":{"name":"AddNewPaymentCard","decl":{"start":{"line":6,"column":24},"end":{"line":6,"column":41}},"loc":{"start":{"line":6,"column":58},"end":{"line":16,"column":1}},"line":6}},"branchMap":{},"s":{"0":0},"f":{"0":0},"b":{}}
,"/Users/sungyukwon/Downloads/xonefi-mobile-js-expo-yarn/navigation/screens/LinkedAccountsScreen.js": {"path":"/Users/sungyukwon/Downloads/xonefi-mobile-js-expo-yarn/navigation/screens/LinkedAccountsScreen.js","statementMap":{"0":{"start":{"line":22,"column":15},"end":{"line":22,"column":34}},"1":{"start":{"line":23,"column":28},"end":{"line":23,"column":51}},"2":{"start":{"line":26,"column":2},"end":{"line":26,"column":91}},"3":{"start":{"line":28,"column":17},"end":{"line":31,"column":2}},"4":{"start":{"line":34,"column":24},"end":{"line":34,"column":36}},"5":{"start":{"line":35,"column":34},"end":{"line":35,"column":46}},"6":{"start":{"line":38,"column":34},"end":{"line":41,"column":3}},"7":{"start":{"line":39,"column":10},"end":{"line":39,"column":52}},"8":{"start":{"line":43,"column":28},"end":{"line":67,"column":3}},"9":{"start":{"line":44,"column":4},"end":{"line":44,"column":43}},"10":{"start":{"line":45,"column":4},"end":{"line":66,"column":5}},"11":{"start":{"line":46,"column":6},"end":{"line":46,"column":45}},"12":{"start":{"line":48,"column":23},"end":{"line":51,"column":8}},"13":{"start":{"line":52,"column":6},"end":{"line":52,"column":37}},"14":{"start":{"line":53,"column":6},"end":{"line":53,"column":28}},"15":{"start":{"line":54,"column":19},"end":{"line":57,"column":8}},"16":{"start":{"line":58,"column":6},"end":{"line":58,"column":50}},"17":{"start":{"line":59,"column":6},"end":{"line":59,"column":24}},"18":{"start":{"line":61,"column":6},"end":{"line":61,"column":24}},"19":{"start":{"line":62,"column":6},"end":{"line":62,"column":27}},"20":{"start":{"line":65,"column":6},"end":{"line":65,"column":23}},"21":{"start":{"line":69,"column":2},"end":{"line":108,"column":4}},"22":{"start":{"line":78,"column":31},"end":{"line":78,"column":73}},"23":{"start":{"line":88,"column":31},"end":{"line":88,"column":72}},"24":{"start":{"line":93,"column":31},"end":{"line":93,"column":60}},"25":{"start":{"line":104,"column":10},"end":{"line":104,"column":21}}},"fnMap":{"0":{"name":"LinkedAccountScreen","decl":{"start":{"line":33,"column":24},"end":{"line":33,"column":43}},"loc":{"start":{"line":33,"column":60},"end":{"line":109,"column":1}},"line":33},"1":{"name":"(anonymous_1)","decl":{"start":{"line":39,"column":4},"end":{"line":39,"column":5}},"loc":{"start":{"line":39,"column":10},"end":{"line":39,"column":52}},"line":39},"2":{"name":"(anonymous_2)","decl":{"start":{"line":43,"column":28},"end":{"line":43,"column":29}},"loc":{"start":{"line":43,"column":40},"end":{"line":67,"column":3}},"line":43},"3":{"name":"(anonymous_3)","decl":{"start":{"line":78,"column":25},"end":{"line":78,"column":26}},"loc":{"start":{"line":78,"column":31},"end":{"line":78,"column":73}},"line":78},"4":{"name":"(anonymous_4)","decl":{"start":{"line":88,"column":25},"end":{"line":88,"column":26}},"loc":{"start":{"line":88,"column":31},"end":{"line":88,"column":72}},"line":88},"5":{"name":"(anonymous_5)","decl":{"start":{"line":93,"column":25},"end":{"line":93,"column":26}},"loc":{"start":{"line":93,"column":31},"end":{"line":93,"column":60}},"line":93},"6":{"name":"(anonymous_6)","decl":{"start":{"line":103,"column":25},"end":{"line":103,"column":26}},"loc":{"start":{"line":103,"column":31},"end":{"line":105,"column":9}},"line":103}},"branchMap":{},"s":{"0":0,"1":0,"2":0,"3":0,"4":0,"5":0,"6":0,"7":0,"8":0,"9":0,"10":0,"11":0,"12":0,"13":0,"14":0,"15":0,"16":0,"17":0,"18":0,"19":0,"20":0,"21":0,"22":0,"23":0,"24":0,"25":0},"f":{"0":0,"1":0,"2":0,"3":0,"4":0,"5":0,"6":0},"b":{}}
,"/Users/sungyukwon/Downloads/xonefi-mobile-js-expo-yarn/navigation/screens/LinkedPaymentCardScreen.js": {"path":"/Users/sungyukwon/Downloads/xonefi-mobile-js-expo-yarn/navigation/screens/LinkedPaymentCardScreen.js","statementMap":{"0":{"start":{"line":16,"column":2},"end":{"line":89,"column":4}},"1":{"start":{"line":85,"column":10},"end":{"line":85,"column":34}}},"fnMap":{"0":{"name":"LinkedPaymentCardScreen","decl":{"start":{"line":15,"column":24},"end":{"line":15,"column":47}},"loc":{"start":{"line":15,"column":64},"end":{"line":90,"column":1}},"line":15},"1":{"name":"(anonymous_1)","decl":{"start":{"line":84,"column":25},"end":{"line":84,"column":26}},"loc":{"start":{"line":84,"column":31},"end":{"line":86,"column":9}},"line":84}},"branchMap":{},"s":{"0":0,"1":0},"f":{"0":0,"1":0},"b":{}}
,"/Users/sungyukwon/Downloads/xonefi-mobile-js-expo-yarn/navigation/screens/LogoutScreen.js": {"path":"/Users/sungyukwon/Downloads/xonefi-mobile-js-expo-yarn/navigation/screens/LogoutScreen.js","statementMap":{"0":{"start":{"line":7,"column":2},"end":{"line":15,"column":4}}},"fnMap":{"0":{"name":"LogoutScreen","decl":{"start":{"line":6,"column":24},"end":{"line":6,"column":36}},"loc":{"start":{"line":6,"column":53},"end":{"line":16,"column":1}},"line":6}},"branchMap":{},"s":{"0":0},"f":{"0":0},"b":{}}
,"/Users/sungyukwon/Downloads/xonefi-mobile-js-expo-yarn/navigation/screens/PaymentCardScreen.js": {"path":"/Users/sungyukwon/Downloads/xonefi-mobile-js-expo-yarn/navigation/screens/PaymentCardScreen.js","statementMap":{"0":{"start":{"line":7,"column":2},"end":{"line":15,"column":4}}},"fnMap":{"0":{"name":"PaymentCardScreen","decl":{"start":{"line":6,"column":24},"end":{"line":6,"column":41}},"loc":{"start":{"line":6,"column":58},"end":{"line":16,"column":1}},"line":6}},"branchMap":{},"s":{"0":0},"f":{"0":0},"b":{}}
,"/Users/sungyukwon/Downloads/xonefi-mobile-js-expo-yarn/navigation/screens/ProviderDetailScreen.js": {"path":"/Users/sungyukwon/Downloads/xonefi-mobile-js-expo-yarn/navigation/screens/ProviderDetailScreen.js","statementMap":{"0":{"start":{"line":13,"column":2},"end":{"line":80,"column":4}}},"fnMap":{"0":{"name":"ProviderDetailScreen","decl":{"start":{"line":12,"column":24},"end":{"line":12,"column":44}},"loc":{"start":{"line":12,"column":61},"end":{"line":81,"column":1}},"line":12}},"branchMap":{},"s":{"0":0},"f":{"0":0},"b":{}}
,"/Users/sungyukwon/Downloads/xonefi-mobile-js-expo-yarn/navigation/screens/ProviderScreen.js": {"path":"/Users/sungyukwon/Downloads/xonefi-mobile-js-expo-yarn/navigation/screens/ProviderScreen.js","statementMap":{"0":{"start":{"line":11,"column":2},"end":{"line":43,"column":4}},"1":{"start":{"line":15,"column":25},"end":{"line":15,"column":63}},"2":{"start":{"line":24,"column":25},"end":{"line":24,"column":63}},"3":{"start":{"line":33,"column":25},"end":{"line":33,"column":63}}},"fnMap":{"0":{"name":"ProviderScreen","decl":{"start":{"line":10,"column":24},"end":{"line":10,"column":38}},"loc":{"start":{"line":10,"column":55},"end":{"line":44,"column":1}},"line":10},"1":{"name":"(anonymous_1)","decl":{"start":{"line":15,"column":19},"end":{"line":15,"column":20}},"loc":{"start":{"line":15,"column":25},"end":{"line":15,"column":63}},"line":15},"2":{"name":"(anonymous_2)","decl":{"start":{"line":24,"column":19},"end":{"line":24,"column":20}},"loc":{"start":{"line":24,"column":25},"end":{"line":24,"column":63}},"line":24},"3":{"name":"(anonymous_3)","decl":{"start":{"line":33,"column":19},"end":{"line":33,"column":20}},"loc":{"start":{"line":33,"column":25},"end":{"line":33,"column":63}},"line":33}},"branchMap":{},"s":{"0":0,"1":0,"2":0,"3":0},"f":{"0":0,"1":0,"2":0,"3":0},"b":{}}
,"/Users/sungyukwon/Downloads/xonefi-mobile-js-expo-yarn/navigation/screens/WalletScreen.js": {"path":"/Users/sungyukwon/Downloads/xonefi-mobile-js-expo-yarn/navigation/screens/WalletScreen.js","statementMap":{"0":{"start":{"line":28,"column":0},"end":{"line":49,"column":2}},"1":{"start":{"line":52,"column":36},"end":{"line":52,"column":58}},"2":{"start":{"line":57,"column":2},"end":{"line":73,"column":9}},"3":{"start":{"line":58,"column":19},"end":{"line":68,"column":13}},"4":{"start":{"line":59,"column":6},"end":{"line":67,"column":11}},"5":{"start":{"line":63,"column":23},"end":{"line":63,"column":33}},"6":{"start":{"line":65,"column":10},"end":{"line":65,"column":31}},"7":{"start":{"line":66,"column":10},"end":{"line":66,"column":32}},"8":{"start":{"line":70,"column":4},"end":{"line":72,"column":6}},"9":{"start":{"line":71,"column":6},"end":{"line":71,"column":30}},"10":{"start":{"line":75,"column":2},"end":{"line":140,"column":4}},"11":{"start":{"line":88,"column":29},"end":{"line":88,"column":43}},"12":{"start":{"line":95,"column":29},"end":{"line":95,"column":47}},"13":{"start":{"line":102,"column":29},"end":{"line":102,"column":44}},"14":{"start":{"line":109,"column":29},"end":{"line":109,"column":47}},"15":{"start":{"line":118,"column":29},"end":{"line":118,"column":43}},"16":{"start":{"line":125,"column":29},"end":{"line":125,"column":46}},"17":{"start":{"line":132,"column":29},"end":{"line":132,"column":45}}},"fnMap":{"0":{"name":"WalletScreen","decl":{"start":{"line":51,"column":24},"end":{"line":51,"column":36}},"loc":{"start":{"line":51,"column":53},"end":{"line":141,"column":1}},"line":51},"1":{"name":"(anonymous_1)","decl":{"start":{"line":57,"column":12},"end":{"line":57,"column":13}},"loc":{"start":{"line":57,"column":18},"end":{"line":73,"column":3}},"line":57},"2":{"name":"(anonymous_2)","decl":{"start":{"line":58,"column":31},"end":{"line":58,"column":32}},"loc":{"start":{"line":58,"column":37},"end":{"line":68,"column":5}},"line":58},"3":{"name":"(anonymous_3)","decl":{"start":{"line":63,"column":14},"end":{"line":63,"column":15}},"loc":{"start":{"line":63,"column":23},"end":{"line":63,"column":33}},"line":63},"4":{"name":"(anonymous_4)","decl":{"start":{"line":64,"column":14},"end":{"line":64,"column":15}},"loc":{"start":{"line":64,"column":27},"end":{"line":67,"column":9}},"line":64},"5":{"name":"(anonymous_5)","decl":{"start":{"line":70,"column":11},"end":{"line":70,"column":12}},"loc":{"start":{"line":70,"column":17},"end":{"line":72,"column":5}},"line":70},"6":{"name":"(anonymous_6)","decl":{"start":{"line":88,"column":23},"end":{"line":88,"column":24}},"loc":{"start":{"line":88,"column":29},"end":{"line":88,"column":43}},"line":88},"7":{"name":"(anonymous_7)","decl":{"start":{"line":95,"column":23},"end":{"line":95,"column":24}},"loc":{"start":{"line":95,"column":29},"end":{"line":95,"column":47}},"line":95},"8":{"name":"(anonymous_8)","decl":{"start":{"line":102,"column":23},"end":{"line":102,"column":24}},"loc":{"start":{"line":102,"column":29},"end":{"line":102,"column":44}},"line":102},"9":{"name":"(anonymous_9)","decl":{"start":{"line":109,"column":23},"end":{"line":109,"column":24}},"loc":{"start":{"line":109,"column":29},"end":{"line":109,"column":47}},"line":109},"10":{"name":"(anonymous_10)","decl":{"start":{"line":118,"column":23},"end":{"line":118,"column":24}},"loc":{"start":{"line":118,"column":29},"end":{"line":118,"column":43}},"line":118},"11":{"name":"(anonymous_11)","decl":{"start":{"line":125,"column":23},"end":{"line":125,"column":24}},"loc":{"start":{"line":125,"column":29},"end":{"line":125,"column":46}},"line":125},"12":{"name":"(anonymous_12)","decl":{"start":{"line":132,"column":23},"end":{"line":132,"column":24}},"loc":{"start":{"line":132,"column":29},"end":{"line":132,"column":45}},"line":132}},"branchMap":{},"s":{"0":0,"1":0,"2":0,"3":0,"4":0,"5":0,"6":0,"7":0,"8":0,"9":0,"10":0,"11":0,"12":0,"13":0,"14":0,"15":0,"16":0,"17":0},"f":{"0":0,"1":0,"2":0,"3":0,"4":0,"5":0,"6":0,"7":0,"8":0,"9":0,"10":0,"11":0,"12":0},"b":{}}
}
