TN:
SF:navigation/Components/TextInputEntry.tsx
FN:4,TextInputEntry
FNF:1
FNH:1
FNDA:8,TextInputEntry
DA:1,2
DA:2,2
DA:4,2
DA:5,8
LF:4
LH:4
BRF:0
BRH:0
end_of_record
TN:
SF:navigation/screens/AccountInformationScreen.js
FN:13,ViewButton
FN:21,GreyBackgroundBar
FN:30,AccountInformationScreen
FNF:3
FNH:3
FNDA:2,ViewButton
FNDA:4,GreyBackgroundBar
FNDA:1,AccountInformationScreen
DA:14,2
DA:22,4
DA:31,1
LF:3
LH:3
BRF:0
BRH:0
end_of_record
TN:
SF:navigation/screens/Account_AddBankCard.tsx
FN:18,(anonymous_1)
FNF:1
FNH:1
FNDA:1,(anonymous_1)
DA:1,1
DA:3,1
DA:10,1
DA:13,1
DA:18,1
DA:21,1
DA:47,1
LF:7
LH:7
BRF:0
BRH:0
end_of_record
TN:
SF:navigation/screens/Account_AddCryptoPaymentCard.tsx
FN:20,(anonymous_1)
FN:35,(anonymous_2)
FNF:2
FNH:1
FNDA:1,(anonymous_1)
FNDA:0,(anonymous_2)
DA:1,1
DA:3,1
DA:13,1
DA:14,1
DA:20,1
DA:23,1
DA:35,0
DA:41,1
LF:8
LH:7
BRF:0
BRH:0
end_of_record
TN:
SF:navigation/screens/Account_BankDetails.tsx
FN:21,(anonymous_1)
FNF:1
FNH:1
FNDA:1,(anonymous_1)
DA:1,1
DA:5,1
DA:15,1
DA:21,1
DA:24,1
DA:65,1
LF:6
LH:6
BRF:0
BRH:0
end_of_record
TN:
SF:navigation/screens/AddNewPaymentCard.js
FN:6,AddNewPaymentCard
FNF:1
FNH:1
FNDA:1,AddNewPaymentCard
DA:7,1
LF:1
LH:1
BRF:0
BRH:0
end_of_record
TN:
SF:navigation/screens/ConnectScreen.tsx
FN:37,getPermission
FN:64,(anonymous_8)
FN:70,(anonymous_9)
FN:88,(anonymous_10)
FN:89,(anonymous_11)
FN:104,(anonymous_12)
FN:109,(anonymous_13)
FN:111,(anonymous_14)
FN:134,(anonymous_15)
FN:143,(anonymous_16)
FN:169,(anonymous_17)
FNF:11
FNH:0
FNDA:0,getPermission
FNDA:0,(anonymous_8)
FNDA:0,(anonymous_9)
FNDA:0,(anonymous_10)
FNDA:0,(anonymous_11)
FNDA:0,(anonymous_12)
FNDA:0,(anonymous_13)
FNDA:0,(anonymous_14)
FNDA:0,(anonymous_15)
FNDA:0,(anonymous_16)
FNDA:0,(anonymous_17)
DA:1,0
DA:2,0
DA:3,0
DA:14,0
DA:15,0
DA:17,0
DA:18,0
DA:26,0
DA:27,0
DA:28,0
DA:29,0
DA:30,0
DA:38,0
DA:39,0
DA:50,0
DA:51,0
DA:54,0
DA:61,0
DA:62,0
DA:64,0
DA:65,0
DA:67,0
DA:68,0
DA:69,0
DA:70,0
DA:71,0
DA:72,0
DA:73,0
DA:77,0
DA:79,0
DA:81,0
DA:82,0
DA:85,0
DA:87,0
DA:88,0
DA:90,0
DA:95,0
DA:97,0
DA:98,0
DA:101,0
DA:104,0
DA:105,0
DA:108,0
DA:110,0
DA:112,0
DA:130,0
DA:135,0
DA:139,0
DA:143,0
DA:167,0
DA:169,0
DA:175,0
DA:195,0
LF:53
LH:0
BRDA:38,0,0,0
BRDA:50,1,0,0
BRDA:50,1,1,0
BRDA:137,2,0,0
BRDA:137,2,1,0
BRF:5
BRH:0
end_of_record
TN:
SF:navigation/screens/ConnectStatusScreen.tsx
FN:23,(anonymous_7)
FN:39,(anonymous_8)
FN:45,(anonymous_9)
FN:49,(anonymous_10)
FN:330,(anonymous_11)
FN:331,(anonymous_12)
FNF:6
FNH:0
FNDA:0,(anonymous_7)
FNDA:0,(anonymous_8)
FNDA:0,(anonymous_9)
FNDA:0,(anonymous_10)
FNDA:0,(anonymous_11)
FNDA:0,(anonymous_12)
DA:1,0
DA:2,0
DA:3,0
DA:5,0
DA:6,0
DA:7,0
DA:8,0
DA:9,0
DA:10,0
DA:11,0
DA:12,0
DA:23,0
DA:24,0
DA:36,0
DA:37,0
DA:39,0
DA:41,0
DA:42,0
DA:45,0
DA:46,0
DA:47,0
DA:49,0
DA:50,0
DA:143,0
DA:330,0
DA:331,0
DA:339,0
DA:340,0
LF:28
LH:0
BRDA:168,0,0,0
BRDA:168,0,1,0
BRDA:169,1,0,0
BRDA:169,1,1,0
BRF:4
BRH:0
end_of_record
TN:
SF:navigation/screens/CreateNewAccountScreen.tsx
FN:24,(anonymous_7)
FN:30,(anonymous_8)
FN:45,(anonymous_9)
FN:51,(anonymous_10)
FN:55,(anonymous_11)
FN:69,(anonymous_12)
FN:75,(anonymous_13)
FN:118,(anonymous_14)
FNF:8
FNH:0
FNDA:0,(anonymous_7)
FNDA:0,(anonymous_8)
FNDA:0,(anonymous_9)
FNDA:0,(anonymous_10)
FNDA:0,(anonymous_11)
FNDA:0,(anonymous_12)
FNDA:0,(anonymous_13)
FNDA:0,(anonymous_14)
DA:1,0
DA:3,0
DA:4,0
DA:7,0
DA:8,0
DA:11,0
DA:14,0
DA:15,0
DA:22,0
DA:24,0
DA:25,0
DA:26,0
DA:27,0
DA:28,0
DA:29,0
DA:31,0
DA:32,0
DA:33,0
DA:35,0
DA:36,0
DA:41,0
DA:45,0
DA:46,0
DA:47,0
DA:48,0
DA:51,0
DA:52,0
DA:55,0
DA:56,0
DA:70,0
DA:76,0
DA:94,0
DA:96,0
DA:98,0
DA:100,0
DA:101,0
DA:104,0
DA:105,0
DA:113,0
DA:118,0
DA:119,0
LF:41
LH:0
BRDA:31,0,0,0
BRDA:31,1,0,0
BRDA:31,1,1,0
BRDA:98,2,0,0
BRDA:98,2,1,0
BRF:5
BRH:0
end_of_record
TN:
SF:navigation/screens/GenerateAccountDialog.tsx
FN:27,(anonymous_7)
FN:33,(anonymous_8)
FN:48,(anonymous_9)
FN:54,(anonymous_10)
FN:99,(anonymous_11)
FNF:5
FNH:0
FNDA:0,(anonymous_7)
FNDA:0,(anonymous_8)
FNDA:0,(anonymous_9)
FNDA:0,(anonymous_10)
FNDA:0,(anonymous_11)
DA:1,0
DA:3,0
DA:10,0
DA:13,0
DA:14,0
DA:17,0
DA:20,0
DA:21,0
DA:24,0
DA:25,0
DA:27,0
DA:28,0
DA:29,0
DA:30,0
DA:31,0
DA:32,0
DA:34,0
DA:35,0
DA:36,0
DA:38,0
DA:39,0
DA:44,0
DA:48,0
DA:49,0
DA:50,0
DA:51,0
DA:54,0
DA:55,0
DA:58,0
DA:100,0
DA:108,0
LF:31
LH:0
BRDA:34,0,0,0
BRDA:34,1,0,0
BRDA:34,1,1,0
BRF:3
BRH:0
end_of_record
TN:
SF:navigation/screens/ImportAccountDialog.tsx
FN:32,(anonymous_7)
FN:39,(anonymous_8)
FN:52,(anonymous_9)
FN:109,(anonymous_10)
FNF:4
FNH:0
FNDA:0,(anonymous_7)
FNDA:0,(anonymous_8)
FNDA:0,(anonymous_9)
FNDA:0,(anonymous_10)
DA:1,0
DA:3,0
DA:4,0
DA:7,0
DA:11,0
DA:14,0
DA:15,0
DA:18,0
DA:19,0
DA:22,0
DA:32,0
DA:33,0
DA:34,0
DA:35,0
DA:36,0
DA:37,0
DA:39,0
DA:40,0
DA:41,0
DA:42,0
DA:47,0
DA:48,0
DA:52,0
DA:53,0
DA:54,0
DA:55,0
DA:62,0
DA:110,0
DA:119,0
LF:29
LH:0
BRDA:40,0,0,0
BRDA:40,0,1,0
BRF:2
BRH:0
end_of_record
TN:
SF:navigation/screens/LinkedAccountsScreen.js
FN:33,LinkedAccountScreen
FN:39,(anonymous_1)
FN:43,(anonymous_2)
FN:78,(anonymous_3)
FN:88,(anonymous_4)
FN:93,(anonymous_5)
FN:103,(anonymous_6)
FNF:7
FNH:1
FNDA:1,LinkedAccountScreen
FNDA:0,(anonymous_1)
FNDA:0,(anonymous_2)
FNDA:0,(anonymous_3)
FNDA:0,(anonymous_4)
FNDA:0,(anonymous_5)
FNDA:0,(anonymous_6)
DA:22,1
DA:23,1
DA:26,1
DA:28,1
DA:34,1
DA:35,1
DA:38,1
DA:39,0
DA:43,1
DA:44,0
DA:45,0
DA:46,0
DA:48,0
DA:52,0
DA:53,0
DA:54,0
DA:58,0
DA:59,0
DA:61,0
DA:62,0
DA:65,0
DA:69,1
DA:78,0
DA:88,0
DA:93,0
DA:104,0
LF:26
LH:9
BRF:0
BRH:0
end_of_record
TN:
SF:navigation/screens/LinkedPaymentCardScreen.js
FN:15,LinkedPaymentCardScreen
FN:84,(anonymous_1)
FNF:2
FNH:1
FNDA:1,LinkedPaymentCardScreen
FNDA:0,(anonymous_1)
DA:16,1
DA:85,0
LF:2
LH:1
BRF:0
BRH:0
end_of_record
TN:
SF:navigation/screens/LogoutScreen.js
FN:6,LogoutScreen
FNF:1
FNH:1
FNDA:1,LogoutScreen
DA:7,1
LF:1
LH:1
BRF:0
BRH:0
end_of_record
TN:
SF:navigation/screens/PayAndConnect.tsx
FN:30,(anonymous_7)
FN:42,(anonymous_8)
FN:48,(anonymous_9)
FN:51,(anonymous_10)
FN:68,(anonymous_11)
FN:72,(anonymous_12)
FN:100,(anonymous_13)
FN:103,(anonymous_14)
FN:173,(anonymous_15)
FN:210,(anonymous_16)
FN:272,(anonymous_17)
FN:299,(anonymous_18)
FN:303,(anonymous_19)
FN:306,(anonymous_20)
FNF:14
FNH:0
FNDA:0,(anonymous_7)
FNDA:0,(anonymous_8)
FNDA:0,(anonymous_9)
FNDA:0,(anonymous_10)
FNDA:0,(anonymous_11)
FNDA:0,(anonymous_12)
FNDA:0,(anonymous_13)
FNDA:0,(anonymous_14)
FNDA:0,(anonymous_15)
FNDA:0,(anonymous_16)
FNDA:0,(anonymous_17)
FNDA:0,(anonymous_18)
FNDA:0,(anonymous_19)
FNDA:0,(anonymous_20)
DA:1,0
DA:2,0
DA:11,0
DA:12,0
DA:13,0
DA:14,0
DA:16,0
DA:17,0
DA:19,0
DA:24,0
DA:26,0
DA:27,0
DA:30,0
DA:31,0
DA:32,0
DA:33,0
DA:40,0
DA:42,0
DA:43,0
DA:46,0
DA:48,0
DA:50,0
DA:51,0
DA:52,0
DA:66,0
DA:68,0
DA:69,0
DA:72,0
DA:73,0
DA:75,0
DA:86,0
DA:88,0
DA:90,0
DA:97,0
DA:99,0
DA:101,0
DA:104,0
DA:114,0
DA:173,0
DA:174,0
DA:176,0
DA:188,0
DA:190,0
DA:192,0
DA:194,0
DA:196,0
DA:203,0
DA:209,0
DA:211,0
DA:212,0
DA:213,0
DA:214,0
DA:216,0
DA:231,0
DA:235,0
DA:267,0
DA:273,0
DA:278,0
DA:300,0
DA:303,0
DA:307,0
DA:353,0
DA:355,0
LF:63
LH:0
BRDA:86,0,0,0
BRDA:86,0,1,0
BRDA:188,1,0,0
BRDA:188,1,1,0
BRDA:213,2,0,0
BRDA:213,2,1,0
BRDA:284,3,0,0
BRDA:284,3,1,0
BRDA:289,4,0,0
BRDA:289,4,1,0
BRDA:315,5,0,0
BRDA:315,5,1,0
BRDA:344,6,0,0
BRDA:344,6,1,0
BRDA:347,7,0,0
BRDA:347,7,1,0
BRF:16
BRH:0
end_of_record
TN:
SF:navigation/screens/PaymentCardScreen.js
FN:6,PaymentCardScreen
FNF:1
FNH:1
FNDA:1,PaymentCardScreen
DA:7,1
LF:1
LH:1
BRF:0
BRH:0
end_of_record
TN:
SF:navigation/screens/ProviderDetailScreen.js
FN:12,ProviderDetailScreen
FNF:1
FNH:1
FNDA:1,ProviderDetailScreen
DA:13,1
LF:1
LH:1
BRF:0
BRH:0
end_of_record
TN:
SF:navigation/screens/ProviderScreen.js
FN:10,ProviderScreen
FN:15,(anonymous_1)
FN:24,(anonymous_2)
FN:33,(anonymous_3)
FNF:4
FNH:1
FNDA:1,ProviderScreen
FNDA:0,(anonymous_1)
FNDA:0,(anonymous_2)
FNDA:0,(anonymous_3)
DA:11,1
DA:15,0
DA:24,0
DA:33,0
LF:4
LH:1
BRF:0
BRH:0
end_of_record
TN:
SF:navigation/screens/WalletScreen.js
FN:51,WalletScreen
FN:57,(anonymous_1)
FN:58,(anonymous_2)
FN:63,(anonymous_3)
FN:64,(anonymous_4)
FN:70,(anonymous_5)
FN:88,(anonymous_6)
FN:95,(anonymous_7)
FN:102,(anonymous_8)
FN:109,(anonymous_9)
FN:118,(anonymous_10)
FN:125,(anonymous_11)
FN:132,(anonymous_12)
FNF:13
FNH:10
FNDA:1,WalletScreen
FNDA:1,(anonymous_1)
FNDA:0,(anonymous_2)
FNDA:0,(anonymous_3)
FNDA:0,(anonymous_4)
FNDA:1,(anonymous_5)
FNDA:1,(anonymous_6)
FNDA:1,(anonymous_7)
FNDA:1,(anonymous_8)
FNDA:1,(anonymous_9)
FNDA:1,(anonymous_10)
FNDA:1,(anonymous_11)
FNDA:1,(anonymous_12)
DA:28,1
DA:52,1
DA:57,1
DA:58,1
DA:59,0
DA:63,0
DA:65,0
DA:66,0
DA:70,1
DA:71,1
DA:75,1
DA:88,1
DA:95,1
DA:102,1
DA:109,1
DA:118,1
DA:125,1
DA:132,1
LF:18
LH:14
BRF:0
BRH:0
end_of_record
