TN:
SF:src/Components/Asset.jsx
FN:9,Asset
FNF:1
FNH:1
FNDA:12,Asset
DA:16,12
DA:17,12
LF:2
LH:2
BRDA:37,0,0,5
BRDA:37,0,1,7
BRF:2
BRH:2
end_of_record
TN:
SF:src/Components/BigBlueButton.jsx
FN:5,BigBlueButton
FNF:1
FNH:1
FNDA:4,BigBlueButton
DA:6,4
LF:1
LH:1
BRF:0
BRH:0
end_of_record
TN:
SF:src/Components/GreyBackgroundBar.jsx
FN:4,GreyBackgroundBar
FNF:1
FNH:1
FNDA:6,GreyBackgroundBar
DA:5,6
LF:1
LH:1
BRF:0
BRH:0
end_of_record
TN:
SF:src/Components/GreyBackgroundBox.jsx
FN:4,GreyBackgroundBox
FNF:1
FNH:1
FNDA:3,GreyBackgroundBox
DA:5,3
LF:1
LH:1
BRF:0
BRH:0
end_of_record
TN:
SF:src/Components/GreyButton.jsx
FN:9,(anonymous_0)
FNF:1
FNH:1
FNDA:3,(anonymous_0)
DA:9,1
DA:10,3
LF:2
LH:2
BRF:0
BRH:0
end_of_record
TN:
SF:src/Components/GreyTextInputBar.jsx
FN:5,GreyTextInputBar
FN:6,(anonymous_1)
FNF:2
FNH:1
FNDA:1,GreyTextInputBar
FNDA:0,(anonymous_1)
DA:6,1
DA:7,0
DA:10,1
LF:3
LH:2
BRF:0
BRH:0
end_of_record
TN:
SF:src/Components/OneFiAsset.jsx
FN:7,OneFiAsset
FNF:1
FNH:1
FNDA:2,OneFiAsset
DA:8,2
LF:1
LH:1
BRF:0
BRH:0
end_of_record
TN:
SF:src/Components/Provider.jsx
FN:12,Provider
FNF:1
FNH:1
FNDA:4,Provider
DA:19,4
LF:1
LH:1
BRDA:28,0,0,2
BRDA:28,0,1,2
BRF:2
BRH:2
end_of_record
TN:
SF:src/Components/TextInputEntry.tsx
FN:4,TextInputEntry
FNF:1
FNH:1
FNDA:8,TextInputEntry
DA:1,2
DA:2,2
DA:4,2
DA:5,8
LF:4
LH:4
BRF:0
BRH:0
end_of_record
TN:
SF:src/Components/ViewButton.jsx
FN:4,ViewButton
FNF:1
FNH:1
FNDA:3,ViewButton
DA:5,3
LF:1
LH:1
BRF:0
BRH:0
end_of_record
TN:
SF:src/screens/AccountInformationScreen.js
FN:19,AccountInformationScreen
FN:22,openModal_PK
FN:26,afterOpenModal
FN:31,closeModal_PK
FN:73,(anonymous_4)
FN:84,(anonymous_5)
FN:102,(anonymous_6)
FN:113,(anonymous_7)
FN:131,ModalWithCustomText
FN:147,(anonymous_9)
FNF:10
FNH:0
FNDA:0,AccountInformationScreen
FNDA:0,openModal_PK
FNDA:0,afterOpenModal
FNDA:0,closeModal_PK
FNDA:0,(anonymous_4)
FNDA:0,(anonymous_5)
FNDA:0,(anonymous_6)
FNDA:0,(anonymous_7)
FNDA:0,ModalWithCustomText
FNDA:0,(anonymous_9)
DA:20,0
DA:23,0
DA:28,0
DA:32,0
DA:35,0
DA:74,0
DA:85,0
DA:103,0
DA:114,0
DA:132,0
DA:149,0
DA:151,0
LF:12
LH:0
BRF:0
BRH:0
end_of_record
TN:
SF:src/screens/Account_AddBankCard.tsx
FN:18,(anonymous_1)
FNF:1
FNH:1
FNDA:1,(anonymous_1)
DA:1,1
DA:3,1
DA:10,1
DA:13,1
DA:18,1
DA:21,1
DA:47,1
LF:7
LH:7
BRF:0
BRH:0
end_of_record
TN:
SF:src/screens/Account_AddCryptoPaymentCard.tsx
FN:20,(anonymous_1)
FN:37,(anonymous_2)
FNF:2
FNH:1
FNDA:1,(anonymous_1)
FNDA:0,(anonymous_2)
DA:1,1
DA:3,1
DA:13,1
DA:14,1
DA:20,1
DA:23,1
DA:38,0
DA:46,1
LF:8
LH:7
BRF:0
BRH:0
end_of_record
TN:
SF:src/screens/Account_BankDetails.tsx
FN:21,(anonymous_1)
FNF:1
FNH:1
FNDA:1,(anonymous_1)
DA:1,1
DA:5,1
DA:15,1
DA:21,1
DA:24,1
DA:65,1
LF:6
LH:6
BRF:0
BRH:0
end_of_record
TN:
SF:src/screens/AddNewPaymentCard.js
FN:6,AddNewPaymentCard
FNF:1
FNH:1
FNDA:1,AddNewPaymentCard
DA:7,1
LF:1
LH:1
BRF:0
BRH:0
end_of_record
TN:
SF:src/screens/ConnectScreen.tsx
FN:37,getPermission
FN:64,(anonymous_8)
FN:70,(anonymous_9)
FN:88,(anonymous_10)
FN:89,(anonymous_11)
FN:104,(anonymous_12)
FN:109,(anonymous_13)
FN:111,(anonymous_14)
FN:134,(anonymous_15)
FN:143,(anonymous_16)
FN:169,(anonymous_17)
FNF:11
FNH:0
FNDA:0,getPermission
FNDA:0,(anonymous_8)
FNDA:0,(anonymous_9)
FNDA:0,(anonymous_10)
FNDA:0,(anonymous_11)
FNDA:0,(anonymous_12)
FNDA:0,(anonymous_13)
FNDA:0,(anonymous_14)
FNDA:0,(anonymous_15)
FNDA:0,(anonymous_16)
FNDA:0,(anonymous_17)
DA:1,0
DA:2,0
DA:3,0
DA:14,0
DA:15,0
DA:17,0
DA:18,0
DA:26,0
DA:27,0
DA:28,0
DA:29,0
DA:30,0
DA:38,0
DA:39,0
DA:50,0
DA:51,0
DA:54,0
DA:61,0
DA:62,0
DA:64,0
DA:65,0
DA:67,0
DA:68,0
DA:69,0
DA:70,0
DA:71,0
DA:72,0
DA:73,0
DA:77,0
DA:79,0
DA:81,0
DA:82,0
DA:85,0
DA:87,0
DA:88,0
DA:90,0
DA:95,0
DA:97,0
DA:98,0
DA:101,0
DA:104,0
DA:105,0
DA:108,0
DA:110,0
DA:112,0
DA:130,0
DA:135,0
DA:139,0
DA:143,0
DA:167,0
DA:169,0
DA:175,0
DA:195,0
LF:53
LH:0
BRDA:38,0,0,0
BRDA:50,1,0,0
BRDA:50,1,1,0
BRDA:137,2,0,0
BRDA:137,2,1,0
BRF:5
BRH:0
end_of_record
TN:
SF:src/screens/ConnectStatusScreen.tsx
FN:23,(anonymous_7)
FN:39,(anonymous_8)
FN:45,(anonymous_9)
FN:49,(anonymous_10)
FN:330,(anonymous_11)
FN:331,(anonymous_12)
FNF:6
FNH:0
FNDA:0,(anonymous_7)
FNDA:0,(anonymous_8)
FNDA:0,(anonymous_9)
FNDA:0,(anonymous_10)
FNDA:0,(anonymous_11)
FNDA:0,(anonymous_12)
DA:1,0
DA:2,0
DA:3,0
DA:5,0
DA:6,0
DA:7,0
DA:8,0
DA:9,0
DA:10,0
DA:11,0
DA:12,0
DA:23,0
DA:24,0
DA:36,0
DA:37,0
DA:39,0
DA:41,0
DA:42,0
DA:45,0
DA:46,0
DA:47,0
DA:49,0
DA:50,0
DA:143,0
DA:330,0
DA:331,0
DA:339,0
DA:340,0
LF:28
LH:0
BRDA:168,0,0,0
BRDA:168,0,1,0
BRDA:169,1,0,0
BRDA:169,1,1,0
BRF:4
BRH:0
end_of_record
TN:
SF:src/screens/LinkedAccountsScreen.js
FN:17,LinkedAccountScreen
FN:21,(anonymous_1)
FN:34,(anonymous_2)
FN:44,(anonymous_3)
FNF:4
FNH:0
FNDA:0,LinkedAccountScreen
FNDA:0,(anonymous_1)
FNDA:0,(anonymous_2)
FNDA:0,(anonymous_3)
DA:18,0
DA:20,0
DA:21,0
DA:25,0
DA:34,0
DA:45,0
DA:46,0
LF:7
LH:0
BRF:0
BRH:0
end_of_record
TN:
SF:src/screens/LinkedPaymentCardScreen.js
FN:15,LinkedPaymentCardScreen
FN:84,(anonymous_1)
FNF:2
FNH:1
FNDA:1,LinkedPaymentCardScreen
FNDA:0,(anonymous_1)
DA:16,1
DA:85,0
LF:2
LH:1
BRF:0
BRH:0
end_of_record
TN:
SF:src/screens/PayAndConnect.tsx
FN:30,(anonymous_7)
FN:42,(anonymous_8)
FN:48,(anonymous_9)
FN:53,(anonymous_10)
FN:70,(anonymous_11)
FN:74,(anonymous_12)
FN:102,(anonymous_13)
FN:105,(anonymous_14)
FN:175,(anonymous_15)
FN:212,(anonymous_16)
FN:274,(anonymous_17)
FN:301,(anonymous_18)
FN:305,(anonymous_19)
FN:308,(anonymous_20)
FNF:14
FNH:0
FNDA:0,(anonymous_7)
FNDA:0,(anonymous_8)
FNDA:0,(anonymous_9)
FNDA:0,(anonymous_10)
FNDA:0,(anonymous_11)
FNDA:0,(anonymous_12)
FNDA:0,(anonymous_13)
FNDA:0,(anonymous_14)
FNDA:0,(anonymous_15)
FNDA:0,(anonymous_16)
FNDA:0,(anonymous_17)
FNDA:0,(anonymous_18)
FNDA:0,(anonymous_19)
FNDA:0,(anonymous_20)
DA:1,0
DA:2,0
DA:11,0
DA:12,0
DA:13,0
DA:14,0
DA:16,0
DA:17,0
DA:19,0
DA:24,0
DA:26,0
DA:27,0
DA:30,0
DA:31,0
DA:32,0
DA:33,0
DA:40,0
DA:42,0
DA:43,0
DA:46,0
DA:48,0
DA:50,0
DA:51,0
DA:53,0
DA:54,0
DA:68,0
DA:70,0
DA:71,0
DA:74,0
DA:75,0
DA:77,0
DA:88,0
DA:90,0
DA:92,0
DA:99,0
DA:101,0
DA:103,0
DA:106,0
DA:116,0
DA:175,0
DA:176,0
DA:178,0
DA:190,0
DA:192,0
DA:194,0
DA:196,0
DA:198,0
DA:205,0
DA:211,0
DA:213,0
DA:214,0
DA:215,0
DA:216,0
DA:218,0
DA:233,0
DA:237,0
DA:269,0
DA:275,0
DA:280,0
DA:302,0
DA:305,0
DA:309,0
DA:355,0
DA:357,0
LF:64
LH:0
BRDA:88,0,0,0
BRDA:88,0,1,0
BRDA:190,1,0,0
BRDA:190,1,1,0
BRDA:215,2,0,0
BRDA:215,2,1,0
BRDA:286,3,0,0
BRDA:286,3,1,0
BRDA:291,4,0,0
BRDA:291,4,1,0
BRDA:317,5,0,0
BRDA:317,5,1,0
BRDA:346,6,0,0
BRDA:346,6,1,0
BRDA:349,7,0,0
BRDA:349,7,1,0
BRF:16
BRH:0
end_of_record
TN:
SF:src/screens/PaymentCardScreen.js
FN:6,PaymentCardScreen
FNF:1
FNH:1
FNDA:1,PaymentCardScreen
DA:7,1
LF:1
LH:1
BRF:0
BRH:0
end_of_record
TN:
SF:src/screens/ProviderDetailScreen.js
FN:11,ProviderDetailScreen
FN:42,(anonymous_1)
FN:52,(anonymous_2)
FN:62,(anonymous_3)
FNF:4
FNH:1
FNDA:1,ProviderDetailScreen
FNDA:0,(anonymous_1)
FNDA:0,(anonymous_2)
FNDA:0,(anonymous_3)
DA:12,1
DA:43,0
DA:53,0
DA:63,0
LF:4
LH:1
BRF:0
BRH:0
end_of_record
TN:
SF:src/screens/ProviderScreen.js
FN:10,ProviderScreen
FN:18,(anonymous_1)
FN:25,(anonymous_2)
FN:32,(anonymous_3)
FNF:4
FNH:1
FNDA:1,ProviderScreen
FNDA:0,(anonymous_1)
FNDA:0,(anonymous_2)
FNDA:0,(anonymous_3)
DA:11,1
DA:18,0
DA:25,0
DA:32,0
LF:4
LH:1
BRF:0
BRH:0
end_of_record
TN:
SF:src/screens/WalletScreen.js
FN:51,WalletScreen
FN:57,(anonymous_1)
FN:58,(anonymous_2)
FN:63,(anonymous_3)
FN:64,(anonymous_4)
FN:70,(anonymous_5)
FN:88,(anonymous_6)
FN:95,(anonymous_7)
FN:102,(anonymous_8)
FN:109,(anonymous_9)
FN:118,(anonymous_10)
FN:125,(anonymous_11)
FN:132,(anonymous_12)
FNF:13
FNH:10
FNDA:1,WalletScreen
FNDA:1,(anonymous_1)
FNDA:0,(anonymous_2)
FNDA:0,(anonymous_3)
FNDA:0,(anonymous_4)
FNDA:1,(anonymous_5)
FNDA:1,(anonymous_6)
FNDA:1,(anonymous_7)
FNDA:1,(anonymous_8)
FNDA:1,(anonymous_9)
FNDA:1,(anonymous_10)
FNDA:1,(anonymous_11)
FNDA:1,(anonymous_12)
DA:28,1
DA:52,1
DA:57,1
DA:58,1
DA:59,0
DA:63,0
DA:65,0
DA:66,0
DA:70,1
DA:71,1
DA:75,1
DA:88,1
DA:95,1
DA:102,1
DA:109,1
DA:118,1
DA:125,1
DA:132,1
LF:18
LH:14
BRF:0
BRH:0
end_of_record
